2025-03-27T19:43:45.946+06:00  INFO 13120 --- [main] o.s.s.petclinic.PetClinicApplication     : Starting PetClinicApplication using Java 21.0.6 with PID 13120 (E:\pet-hotel\target\classes started by Administrator in E:\pet-hotel)
2025-03-27T19:43:45.956+06:00  INFO 13120 --- [main] o.s.s.petclinic.PetClinicApplication     : No active profile set, falling back to 1 default profile: "default"
2025-03-27T19:43:47.523+06:00  INFO 13120 --- [main] .s.d.r.c.RepositoryConfigurationDelegate : Bootstrapping Spring Data JPA repositories in DEFAULT mode.
2025-03-27T19:43:47.716+06:00  INFO 13120 --- [main] .s.d.r.c.RepositoryConfigurationDelegate : Finished Spring Data repository scanning in 178 ms. Found 2 JPA repository interfaces.
2025-03-27T19:43:48.806+06:00  INFO 13120 --- [main] o.s.b.w.embedded.tomcat.TomcatWebServer  : Tomcat initialized with port 8080 (http)
2025-03-27T19:43:48.823+06:00  INFO 13120 --- [main] o.apache.catalina.core.StandardService   : Starting service [Tomcat]
2025-03-27T19:43:48.824+06:00  INFO 13120 --- [main] o.apache.catalina.core.StandardEngine    : Starting Servlet engine: [Apache Tomcat/10.1.34]
2025-03-27T19:43:48.930+06:00  INFO 13120 --- [main] o.a.c.c.C.[Tomcat].[localhost].[/]       : Initializing Spring embedded WebApplicationContext
2025-03-27T19:43:48.932+06:00  INFO 13120 --- [main] w.s.c.ServletWebServerApplicationContext : Root WebApplicationContext: initialization completed in 2896 ms
2025-03-27T19:43:49.345+06:00  INFO 13120 --- [main] com.zaxxer.hikari.HikariDataSource       : HikariPool-1 - Starting...
2025-03-27T19:43:49.580+06:00  INFO 13120 --- [main] com.zaxxer.hikari.pool.HikariPool        : HikariPool-1 - Added connection conn0: url=jdbc:h2:mem:28760419-c980-46bc-87bb-8e0f36ad4560 user=SA
2025-03-27T19:43:49.593+06:00  INFO 13120 --- [main] com.zaxxer.hikari.HikariDataSource       : HikariPool-1 - Start completed.
2025-03-27T19:43:49.783+06:00  INFO 13120 --- [main] o.hibernate.jpa.internal.util.LogHelper  : HHH000204: Processing PersistenceUnitInfo [name: default]
2025-03-27T19:43:49.848+06:00  INFO 13120 --- [main] org.hibernate.Version                    : HHH000412: Hibernate ORM core version 6.6.5.Final
2025-03-27T19:43:49.895+06:00  INFO 13120 --- [main] o.h.c.internal.RegionFactoryInitiator    : HHH000026: Second-level cache disabled
2025-03-27T19:43:50.251+06:00  INFO 13120 --- [main] o.s.o.j.p.SpringPersistenceUnitInfo      : No LoadTimeWeaver setup: ignoring JPA class transformer
2025-03-27T19:43:50.363+06:00  INFO 13120 --- [main] org.hibernate.orm.connections.pooling    : HHH10001005: Database info:
	Database JDBC URL [Connecting through datasource 'HikariDataSource (HikariPool-1)']
	Database driver: undefined/unknown
	Database version: 2.3.232
	Autocommit mode: undefined/unknown
	Isolation level: undefined/unknown
	Minimum pool size: undefined/unknown
	Maximum pool size: undefined/unknown
2025-03-27T19:43:51.892+06:00  INFO 13120 --- [main] o.h.e.t.j.p.i.JtaPlatformInitiator       : HHH000489: No JTA platform available (set 'hibernate.transaction.jta.platform' to enable JTA platform integration)
2025-03-27T19:43:51.896+06:00  INFO 13120 --- [main] j.LocalContainerEntityManagerFactoryBean : Initialized JPA EntityManagerFactory for persistence unit 'default'
2025-03-27T19:43:52.313+06:00  INFO 13120 --- [main] o.s.d.j.r.query.QueryEnhancerFactory     : Hibernate is in classpath; If applicable, HQL parser will be used.
2025-03-27T19:43:54.104+06:00  INFO 13120 --- [main] o.s.b.a.h2.H2ConsoleAutoConfiguration    : H2 console available at '/h2-console'. Database available at 'jdbc:h2:mem:28760419-c980-46bc-87bb-8e0f36ad4560'
2025-03-27T19:43:54.216+06:00  INFO 13120 --- [main] o.s.b.a.e.web.EndpointLinksResolver      : Exposing 15 endpoints beneath base path '/actuator'
2025-03-27T19:43:54.359+06:00  INFO 13120 --- [main] o.s.b.w.embedded.tomcat.TomcatWebServer  : Tomcat started on port 8080 (http) with context path '/'
2025-03-27T19:43:54.378+06:00  INFO 13120 --- [main] o.s.s.petclinic.PetClinicApplication     : Started PetClinicApplication in 9.181 seconds (process running for 9.697)
2025-03-27T19:43:56.107+06:00  INFO 13120 --- [http-nio-8080-exec-1] o.a.c.c.C.[Tomcat].[localhost].[/]       : Initializing Spring DispatcherServlet 'dispatcherServlet'
2025-03-27T19:43:56.108+06:00  INFO 13120 --- [http-nio-8080-exec-1] o.s.web.servlet.DispatcherServlet        : Initializing Servlet 'dispatcherServlet'
2025-03-27T19:43:56.111+06:00  INFO 13120 --- [http-nio-8080-exec-1] o.s.web.servlet.DispatcherServlet        : Completed initialization in 1 ms
